<?xml version="1.0" encoding="UTF-8"?>
<!-- Generated by org.testng.reporters.JUnitReportReporter -->
<testsuite hostname="kemas" failures="0" tests="1" name="com.mohs.scripts.Newsbtn" time="11.331" errors="0" timestamp="2022-04-19T13:20:28 IST" skipped="0">
  <testcase classname="com.mohs.scripts.Newsbtn" name="NewsbtnTestCase" time="11.331"/>
  <system-out/>
</testsuite> <!-- com.mohs.scripts.Newsbtn -->
