<?xml version="1.0" encoding="UTF-8"?>
<!-- Generated by org.testng.reporters.JUnitReportReporter -->
<testsuite hostname="kemas" failures="0" tests="1" name="com.mohs.scripts.NewProducts" time="11.624" errors="0" timestamp="2022-04-19T13:20:28 IST" skipped="0">
  <testcase classname="com.mohs.scripts.NewProducts" name="NewProductsTestCase" time="11.624"/>
  <system-out/>
</testsuite> <!-- com.mohs.scripts.NewProducts -->
