<?xml version="1.0" encoding="UTF-8"?>
<!-- Generated by org.testng.reporters.JUnitReportReporter -->
<testsuite hostname="kemas" failures="0" tests="1" name="com.mohs.scripts.Sitemap_searchprod" time="14.495" errors="0" timestamp="2022-07-05T18:41:05 IST" skipped="0">
  <testcase classname="com.mohs.scripts.Sitemap_searchprod" name="Sitemap_searchprodTestCase" time="14.495"/>
  <system-out/>
</testsuite> <!-- com.mohs.scripts.Sitemap_searchprod -->
