<?xml version="1.0" encoding="UTF-8"?>
<!-- Generated by org.testng.reporters.JUnitReportReporter -->
<testsuite hostname="kemas" failures="0" tests="1" name="com.mohs.scripts.LoginAndOrder" time="18.800" errors="0" timestamp="2022-07-14T17:27:44 IST" skipped="0">
  <testcase classname="com.mohs.scripts.LoginAndOrder" name="LoginAndOrderTestCase" time="18.800"/>
  <system-out/>
</testsuite> <!-- com.mohs.scripts.LoginAndOrder -->
