<?xml version="1.0" encoding="UTF-8"?>
<!-- Generated by org.testng.reporters.JUnitReportReporter -->
<testsuite hostname="kemas" failures="0" tests="1" name="com.mohs.scripts.Contactus" time="9.442" errors="0" timestamp="2022-04-19T13:20:28 IST" skipped="0">
  <testcase classname="com.mohs.scripts.Contactus" name="ContactusTestCase" time="9.442"/>
  <system-out/>
</testsuite> <!-- com.mohs.scripts.Contactus -->
