<?xml version="1.0" encoding="UTF-8"?>
<!-- Generated by org.testng.reporters.JUnitReportReporter -->
<testsuite hostname="kemas" failures="0" tests="1" name="com.mohs.scripts.CompareList2" time="17.091" errors="0" timestamp="2022-04-19T13:20:28 IST" skipped="0">
  <testcase classname="com.mohs.scripts.CompareList2" name="CompareList2TestCase" time="17.091"/>
  <system-out/>
</testsuite> <!-- com.mohs.scripts.CompareList2 -->
