<?xml version="1.0" encoding="UTF-8"?>
<!-- Generated by org.testng.reporters.JUnitReportReporter -->
<testsuite hostname="kemas" failures="0" tests="1" name="com.mohs.scripts.AddProductToWishList" time="12.343" errors="0" timestamp="2022-07-05T18:41:05 IST" skipped="0">
  <testcase classname="com.mohs.scripts.AddProductToWishList" name="AddProductToWishListTestCase" time="12.343"/>
  <system-out/>
</testsuite> <!-- com.mohs.scripts.AddProductToWishList -->
